<?xml version="1.0" encoding="UTF-8"?>
<testsuite name="BinStringTestOriginal" tests="3" skipped="0" failures="0" errors="0" timestamp="2019-10-16T15:09:20" hostname="Carlos" time="0.051">
  <properties/>
  <testcase name="testSumFunction()" classname="BinStringTestOriginal" time="0.04"/>
  <testcase name="testTotalConversion()" classname="BinStringTestOriginal" time="0.005"/>
  <testcase name="testBinariseFunction()" classname="BinStringTestOriginal" time="0.002"/>
  <system-out><![CDATA[]]></system-out>
  <system-err><![CDATA[]]></system-err>
</testsuite>
